TN:
SF:src/enums.ts
FN:1,(anonymous_0)
FN:7,(anonymous_1)
FN:12,(anonymous_2)
FN:17,(anonymous_3)
FNF:4
FNH:4
FNDA:14,(anonymous_0)
FNDA:14,(anonymous_1)
FNDA:14,(anonymous_2)
FNDA:14,(anonymous_3)
DA:1,14
DA:2,14
DA:3,14
DA:4,14
DA:7,14
DA:8,14
DA:9,14
DA:12,14
DA:13,14
DA:14,14
DA:17,14
DA:18,14
DA:19,14
DA:20,14
LF:14
LH:14
BRDA:1,0,0,14
BRDA:1,0,1,14
BRDA:7,1,0,14
BRDA:7,1,1,14
BRDA:12,2,0,14
BRDA:12,2,1,14
BRDA:17,3,0,14
BRDA:17,3,1,14
BRF:8
BRH:8
end_of_record
TN:
SF:src/controllers/auth.ts
FN:8,(anonymous_13)
FN:8,(anonymous_14)
FN:23,(anonymous_15)
FN:27,(anonymous_16)
FNF:4
FNH:4
FNDA:3,(anonymous_13)
FNDA:3,(anonymous_14)
FNDA:2,(anonymous_15)
FNDA:2,(anonymous_16)
DA:1,1
DA:2,1
DA:3,1
DA:5,1
DA:8,3
DA:9,3
DA:10,3
DA:12,2
DA:13,1
DA:15,1
DA:18,2
DA:23,1
DA:27,2
DA:28,2
DA:29,2
DA:30,1
DA:32,1
LF:17
LH:17
BRDA:12,0,0,1
BRF:1
BRH:1
end_of_record
TN:
SF:src/controllers/cashkick.ts
FN:9,(anonymous_14)
FN:13,(anonymous_15)
FN:37,(anonymous_16)
FN:41,(anonymous_17)
FNF:4
FNH:4
FNDA:4,(anonymous_14)
FNDA:4,(anonymous_15)
FNDA:2,(anonymous_16)
FNDA:2,(anonymous_17)
DA:2,1
DA:3,1
DA:4,1
DA:5,1
DA:7,1
DA:9,1
DA:13,4
DA:14,4
DA:15,4
DA:17,4
DA:18,3
DA:22,2
DA:23,1
DA:24,1
DA:27,3
DA:33,1
DA:37,1
DA:41,2
DA:42,2
DA:43,2
DA:44,1
DA:46,1
LF:22
LH:22
BRDA:17,0,0,3
BRDA:22,1,0,1
BRF:2
BRH:2
end_of_record
TN:
SF:src/controllers/contract.ts
FN:9,(anonymous_14)
FN:13,(anonymous_15)
FN:42,(anonymous_16)
FN:46,(anonymous_17)
FNF:4
FNH:4
FNDA:5,(anonymous_14)
FNDA:5,(anonymous_15)
FNDA:2,(anonymous_16)
FNDA:2,(anonymous_17)
DA:2,1
DA:3,1
DA:4,1
DA:5,1
DA:7,1
DA:9,1
DA:13,5
DA:14,5
DA:15,5
DA:17,5
DA:19,4
DA:20,4
DA:21,4
DA:25,3
DA:27,2
DA:28,2
DA:29,2
DA:32,4
DA:38,1
DA:42,1
DA:46,2
DA:47,2
DA:48,2
DA:49,1
DA:51,1
LF:25
LH:25
BRDA:17,0,0,4
BRDA:21,1,0,3
BRDA:21,1,1,1
BRDA:25,2,0,2
BRDA:28,3,0,1
BRDA:28,3,1,1
BRF:6
BRH:6
end_of_record
TN:
SF:src/controllers/user.ts
FN:9,(anonymous_14)
FN:13,(anonymous_15)
FN:36,(anonymous_16)
FN:40,(anonymous_17)
FNF:4
FNH:4
FNDA:4,(anonymous_14)
FNDA:4,(anonymous_15)
FNDA:2,(anonymous_16)
FNDA:2,(anonymous_17)
DA:2,1
DA:3,1
DA:4,1
DA:5,1
DA:7,1
DA:9,1
DA:13,4
DA:14,4
DA:15,4
DA:16,4
DA:17,1
DA:19,3
DA:20,3
DA:22,2
DA:23,1
DA:25,1
DA:26,1
DA:29,2
DA:32,2
DA:36,1
DA:40,2
DA:41,2
DA:42,2
DA:43,2
DA:44,1
DA:47,1
LF:26
LH:26
BRDA:16,0,0,1
BRDA:20,1,0,2
BRDA:23,2,0,1
BRF:3
BRH:3
end_of_record
TN:
SF:src/errors/InvalidCredentialsError.ts
FN:5,(anonymous_0)
FNF:1
FNH:1
FNDA:2,(anonymous_0)
DA:2,1
DA:6,2
DA:7,2
LF:3
LH:3
BRF:0
BRH:0
end_of_record
TN:
SF:src/errors/NotFoundError.ts
FN:5,(anonymous_0)
FNF:1
FNH:1
FNDA:1,(anonymous_0)
DA:2,2
DA:6,1
DA:7,1
LF:3
LH:3
BRF:0
BRH:0
end_of_record
TN:
SF:src/middleware/authMiddleware.ts
FN:6,(anonymous_8)
FN:6,(anonymous_9)
FNF:2
FNH:2
FNDA:5,(anonymous_8)
FNDA:5,(anonymous_9)
DA:1,1
DA:2,1
DA:3,1
DA:4,1
DA:6,5
DA:7,5
DA:8,5
DA:9,1
DA:11,4
DA:12,4
DA:13,4
DA:14,4
DA:15,3
DA:17,1
DA:18,1
DA:20,3
DA:23,1
LF:17
LH:17
BRDA:7,0,0,1
BRDA:7,0,1,4
BRDA:7,1,0,5
BRDA:7,1,1,5
BRDA:8,2,0,1
BRDA:14,3,0,3
BRF:6
BRH:6
end_of_record
TN:
SF:src/middleware/cacheMiddleware.ts
FN:6,(anonymous_8)
FN:10,(anonymous_9)
FNF:2
FNH:2
FNDA:6,(anonymous_8)
FNDA:6,(anonymous_9)
DA:2,1
DA:4,1
DA:6,1
DA:10,6
DA:11,6
DA:12,1
DA:14,5
DA:16,5
DA:17,4
DA:19,5
DA:20,5
DA:21,2
DA:22,1
DA:25,3
DA:27,5
DA:30,1
LF:16
LH:16
BRDA:11,0,0,1
BRDA:16,1,0,4
BRDA:21,2,0,1
BRF:3
BRH:3
end_of_record
TN:
SF:src/middleware/errorHandler.ts
FN:5,(anonymous_0)
FNF:1
FNH:1
FNDA:3,(anonymous_0)
DA:2,1
DA:3,1
DA:5,1
DA:11,3
DA:17,1
LF:5
LH:5
BRDA:11,0,0,1
BRDA:11,0,1,2
BRDA:11,1,0,3
BRDA:11,1,1,3
BRF:4
BRH:4
end_of_record
TN:
SF:src/middleware/validationMiddleware.ts
FN:6,(anonymous_0)
FN:16,(anonymous_1)
FNF:2
FNH:2
FNDA:3,(anonymous_0)
FNDA:1,(anonymous_1)
DA:2,1
DA:3,1
DA:4,1
DA:6,1
DA:11,3
DA:12,3
DA:14,2
DA:15,1
DA:16,1
DA:17,1
DA:21,1
DA:24,1
DA:25,1
DA:29,1
LF:14
LH:14
BRDA:14,0,0,1
BRDA:14,0,1,1
BRF:2
BRH:2
end_of_record
TN:
SF:src/services/authService.ts
FN:6,(anonymous_8)
FN:6,(anonymous_9)
FN:27,(anonymous_10)
FN:27,(anonymous_11)
FNF:4
FNH:4
FNDA:4,(anonymous_8)
FNDA:4,(anonymous_9)
FNDA:2,(anonymous_10)
FNDA:2,(anonymous_11)
DA:2,2
DA:3,2
DA:4,2
DA:6,4
DA:7,4
DA:8,4
DA:9,4
DA:10,3
DA:11,1
DA:13,2
DA:14,1
DA:16,1
DA:19,1
DA:21,1
DA:22,1
DA:27,2
DA:28,2
DA:29,2
DA:35,1
DA:37,1
DA:38,1
LF:21
LH:21
BRDA:10,0,0,1
BRDA:13,1,0,1
BRF:2
BRH:2
end_of_record
TN:
SF:src/services/cashkickService.ts
FN:7,(anonymous_8)
FN:7,(anonymous_9)
FN:15,(anonymous_10)
FN:33,(anonymous_11)
FN:33,(anonymous_12)
FN:52,(anonymous_13)
FN:52,(anonymous_14)
FNF:7
FNH:7
FNDA:3,(anonymous_8)
FNDA:3,(anonymous_9)
FNDA:1,(anonymous_10)
FNDA:3,(anonymous_11)
FNDA:3,(anonymous_12)
FNDA:2,(anonymous_13)
FNDA:2,(anonymous_14)
DA:2,2
DA:3,2
DA:4,2
DA:5,2
DA:7,3
DA:8,3
DA:9,3
DA:10,3
DA:12,2
DA:14,1
DA:15,1
DA:16,1
DA:17,1
DA:19,1
DA:20,1
DA:22,1
DA:24,2
DA:25,1
DA:27,1
DA:33,3
DA:34,3
DA:35,3
DA:37,3
DA:38,3
DA:40,2
DA:48,1
DA:49,1
DA:50,1
DA:51,1
DA:52,2
DA:53,2
DA:60,1
DA:63,1
DA:65,2
DA:66,1
DA:68,1
LF:36
LH:36
BRDA:10,0,0,1
BRDA:24,1,0,1
BRDA:24,1,1,1
BRDA:38,2,0,1
BRDA:48,3,0,1
BRDA:48,4,0,1
BRDA:48,4,1,1
BRDA:48,4,2,1
BRDA:65,5,0,1
BRDA:65,5,1,1
BRF:10
BRH:10
end_of_record
TN:
SF:src/services/contractService.ts
FN:7,(anonymous_9)
FN:7,(anonymous_10)
FN:53,(anonymous_11)
FN:53,(anonymous_12)
FN:63,(anonymous_13)
FN:63,(anonymous_14)
FN:66,(anonymous_15)
FN:66,(anonymous_16)
FNF:8
FNH:8
FNDA:3,(anonymous_9)
FNDA:3,(anonymous_10)
FNDA:2,(anonymous_11)
FNDA:2,(anonymous_12)
FNDA:2,(anonymous_13)
FNDA:2,(anonymous_14)
FNDA:4,(anonymous_15)
FNDA:4,(anonymous_16)
DA:2,2
DA:3,2
DA:4,2
DA:5,2
DA:7,3
DA:8,3
DA:9,3
DA:10,1
DA:13,2
DA:23,1
DA:25,1
DA:26,1
DA:27,1
DA:28,1
DA:35,1
DA:36,1
DA:37,1
DA:38,1
DA:46,1
DA:48,1
DA:49,1
DA:53,2
DA:54,2
DA:55,2
DA:56,1
DA:58,1
DA:59,1
DA:63,2
DA:64,2
DA:65,2
DA:66,4
DA:67,4
DA:73,1
DA:75,1
DA:76,1
LF:35
LH:35
BRDA:9,0,0,1
BRDA:35,1,0,1
BRF:2
BRH:2
end_of_record
TN:
SF:src/services/userService.ts
FN:6,(anonymous_8)
FN:6,(anonymous_9)
FN:19,(anonymous_10)
FN:19,(anonymous_11)
FN:32,(anonymous_12)
FN:32,(anonymous_13)
FNF:6
FNH:6
FNDA:2,(anonymous_8)
FNDA:2,(anonymous_9)
FNDA:2,(anonymous_10)
FNDA:2,(anonymous_11)
FNDA:2,(anonymous_12)
FNDA:2,(anonymous_13)
DA:2,2
DA:3,2
DA:4,2
DA:6,2
DA:7,2
DA:8,2
DA:12,1
DA:14,1
DA:15,1
DA:19,2
DA:20,2
DA:21,2
DA:25,1
DA:27,1
DA:28,1
DA:32,2
DA:33,2
DA:34,2
DA:35,1
DA:37,1
DA:38,1
LF:21
LH:21
BRF:0
BRH:0
end_of_record
