TN:
SF:src/enums.ts
FN:1,(anonymous_0)
FN:7,(anonymous_1)
FN:12,(anonymous_2)
FN:17,(anonymous_3)
FNF:4
FNH:4
FNDA:12,(anonymous_0)
FNDA:12,(anonymous_1)
FNDA:12,(anonymous_2)
FNDA:12,(anonymous_3)
DA:1,12
DA:2,12
DA:3,12
DA:4,12
DA:7,12
DA:8,12
DA:9,12
DA:12,12
DA:13,12
DA:14,12
DA:17,12
DA:18,12
DA:19,12
DA:20,12
LF:14
LH:14
BRDA:1,0,0,12
BRDA:1,0,1,12
BRDA:7,1,0,12
BRDA:7,1,1,12
BRDA:12,2,0,12
BRDA:12,2,1,12
BRDA:17,3,0,12
BRDA:17,3,1,12
BRF:8
BRH:8
end_of_record
TN:
SF:src/controllers/auth.ts
FN:7,(anonymous_14)
FN:7,(anonymous_15)
FNF:2
FNH:2
FNDA:3,(anonymous_14)
FNDA:3,(anonymous_15)
DA:1,1
DA:2,1
DA:3,1
DA:4,1
DA:7,3
DA:8,3
DA:9,3
DA:11,2
DA:12,1
DA:15,1
DA:16,1
DA:18,1
DA:21,2
LF:13
LH:13
BRDA:11,0,0,1
BRF:1
BRH:1
end_of_record
TN:
SF:src/controllers/cashkick.ts
FN:7,(anonymous_14)
FN:11,(anonymous_15)
FN:26,(anonymous_16)
FN:30,(anonymous_17)
FNF:4
FNH:4
FNDA:2,(anonymous_14)
FNDA:2,(anonymous_15)
FNDA:2,(anonymous_16)
FNDA:2,(anonymous_17)
DA:2,1
DA:3,1
DA:4,1
DA:5,1
DA:7,1
DA:11,2
DA:12,2
DA:13,2
DA:17,1
DA:18,1
DA:20,1
DA:22,1
DA:26,1
DA:30,2
DA:31,2
DA:32,2
DA:34,1
DA:35,1
DA:37,1
DA:39,1
LF:20
LH:20
BRF:0
BRH:0
end_of_record
TN:
SF:src/controllers/contract.ts
FN:7,(anonymous_14)
FN:11,(anonymous_15)
FN:29,(anonymous_16)
FN:33,(anonymous_17)
FNF:4
FNH:4
FNDA:2,(anonymous_14)
FNDA:2,(anonymous_15)
FNDA:2,(anonymous_16)
FNDA:2,(anonymous_17)
DA:2,1
DA:3,1
DA:4,1
DA:5,1
DA:7,1
DA:11,2
DA:12,2
DA:13,2
DA:17,1
DA:18,1
DA:20,1
DA:25,1
DA:29,1
DA:33,2
DA:34,2
DA:35,2
DA:37,1
DA:38,1
DA:40,1
DA:42,1
LF:20
LH:20
BRF:0
BRH:0
end_of_record
TN:
SF:src/controllers/user.ts
FN:8,(anonymous_14)
FN:12,(anonymous_15)
FN:25,(anonymous_16)
FN:29,(anonymous_17)
FN:51,(anonymous_18)
FN:55,(anonymous_19)
FN:69,(anonymous_20)
FN:73,(anonymous_21)
FNF:8
FNH:8
FNDA:2,(anonymous_14)
FNDA:2,(anonymous_15)
FNDA:3,(anonymous_16)
FNDA:3,(anonymous_17)
FNDA:2,(anonymous_18)
FNDA:2,(anonymous_19)
FNDA:2,(anonymous_20)
FNDA:2,(anonymous_21)
DA:2,1
DA:3,1
DA:4,1
DA:5,1
DA:6,1
DA:8,1
DA:12,2
DA:13,2
DA:14,2
DA:16,1
DA:17,1
DA:19,1
DA:21,1
DA:25,1
DA:29,3
DA:30,3
DA:31,3
DA:32,3
DA:34,2
DA:35,2
DA:36,1
DA:38,1
DA:39,1
DA:41,1
DA:44,1
DA:47,2
DA:51,1
DA:55,2
DA:56,2
DA:57,2
DA:58,2
DA:60,1
DA:61,1
DA:63,1
DA:65,1
DA:69,1
DA:73,2
DA:74,2
DA:75,2
DA:77,1
DA:78,1
DA:80,1
DA:82,1
LF:43
LH:43
BRDA:32,0,0,2
BRDA:32,0,1,1
BRDA:35,1,0,1
BRF:3
BRH:3
end_of_record
TN:
SF:src/errors/InvalidCredentialsError.ts
FN:4,(anonymous_0)
FNF:1
FNH:1
FNDA:2,(anonymous_0)
DA:2,1
DA:5,2
DA:6,2
LF:3
LH:3
BRF:0
BRH:0
end_of_record
TN:
SF:src/errors/NotFoundError.ts
FN:4,(anonymous_0)
FNF:1
FNH:1
FNDA:4,(anonymous_0)
DA:2,3
DA:5,4
DA:6,4
LF:3
LH:3
BRF:0
BRH:0
end_of_record
TN:
SF:src/middleware/authMiddleware.ts
FN:5,(anonymous_8)
FN:5,(anonymous_9)
FNF:2
FNH:2
FNDA:5,(anonymous_8)
FNDA:5,(anonymous_9)
DA:1,1
DA:2,1
DA:3,1
DA:5,5
DA:6,5
DA:7,5
DA:8,1
DA:12,4
DA:13,4
DA:14,4
DA:15,4
DA:16,3
DA:18,1
DA:19,1
DA:21,3
DA:24,1
LF:16
LH:16
BRDA:6,0,0,1
BRDA:6,0,1,4
BRDA:6,1,0,5
BRDA:6,1,1,5
BRDA:7,2,0,1
BRDA:15,3,0,3
BRF:6
BRH:6
end_of_record
TN:
SF:src/middleware/cacheMiddleware.ts
FN:4,(anonymous_8)
FN:8,(anonymous_9)
FNF:2
FNH:2
FNDA:3,(anonymous_8)
FNDA:3,(anonymous_9)
DA:2,1
DA:4,1
DA:8,3
DA:9,3
DA:11,3
DA:12,3
DA:13,2
DA:14,1
DA:16,1
DA:19,1
DA:23,1
LF:11
LH:11
BRDA:13,0,0,1
BRDA:13,0,1,1
BRF:2
BRH:2
end_of_record
TN:
SF:src/middleware/errorHandler.ts
FN:4,(anonymous_0)
FNF:1
FNH:1
FNDA:3,(anonymous_0)
DA:2,1
DA:4,1
DA:10,3
DA:15,1
LF:4
LH:4
BRDA:10,0,0,1
BRDA:10,0,1,2
BRDA:10,1,0,3
BRDA:10,1,1,3
BRF:4
BRH:4
end_of_record
TN:
SF:src/middleware/validationMiddleware.ts
FN:5,(anonymous_0)
FN:13,(anonymous_1)
FNF:2
FNH:2
FNDA:2,(anonymous_0)
FNDA:1,(anonymous_1)
DA:2,1
DA:3,1
DA:5,1
DA:10,2
DA:11,2
DA:12,1
DA:13,1
DA:14,1
DA:18,1
DA:22,1
LF:10
LH:10
BRDA:11,0,0,1
BRDA:11,0,1,1
BRF:2
BRH:2
end_of_record
TN:
SF:src/services/authService.ts
FN:6,(anonymous_8)
FN:6,(anonymous_9)
FNF:2
FNH:2
FNDA:4,(anonymous_8)
FNDA:4,(anonymous_9)
DA:2,2
DA:3,2
DA:4,2
DA:6,4
DA:7,4
DA:8,4
DA:9,4
DA:10,3
DA:11,1
DA:13,2
DA:14,1
DA:16,1
DA:19,1
DA:21,1
DA:22,1
LF:15
LH:15
BRDA:10,0,0,1
BRDA:13,1,0,1
BRF:2
BRH:2
end_of_record
TN:
SF:src/services/cashkickService.ts
FN:7,(anonymous_8)
FN:7,(anonymous_9)
FN:15,(anonymous_10)
FN:32,(anonymous_11)
FN:32,(anonymous_12)
FN:50,(anonymous_13)
FN:50,(anonymous_14)
FNF:7
FNH:7
FNDA:3,(anonymous_8)
FNDA:3,(anonymous_9)
FNDA:1,(anonymous_10)
FNDA:3,(anonymous_11)
FNDA:3,(anonymous_12)
FNDA:2,(anonymous_13)
FNDA:2,(anonymous_14)
DA:2,2
DA:3,2
DA:4,2
DA:5,2
DA:7,3
DA:8,3
DA:9,3
DA:10,2
DA:11,2
DA:12,1
DA:14,1
DA:15,1
DA:16,1
DA:17,1
DA:18,1
DA:19,1
DA:21,1
DA:23,2
DA:24,1
DA:26,1
DA:32,3
DA:33,3
DA:34,3
DA:35,3
DA:42,2
DA:43,2
DA:44,1
DA:46,1
DA:47,1
DA:48,1
DA:49,1
DA:50,2
DA:51,2
DA:58,1
DA:61,1
DA:63,2
DA:64,1
DA:66,1
LF:38
LH:38
BRDA:11,0,0,1
BRDA:23,1,0,1
BRDA:23,1,1,1
BRDA:43,2,0,1
BRDA:46,3,0,1
BRDA:46,4,0,1
BRDA:46,4,1,1
BRDA:46,4,2,1
BRDA:63,5,0,1
BRDA:63,5,1,1
BRF:10
BRH:10
end_of_record
TN:
SF:src/services/contractService.ts
FN:7,(anonymous_9)
FN:7,(anonymous_10)
FN:58,(anonymous_11)
FN:58,(anonymous_12)
FN:61,(anonymous_13)
FN:61,(anonymous_14)
FNF:6
FNH:6
FNDA:3,(anonymous_9)
FNDA:3,(anonymous_10)
FNDA:2,(anonymous_11)
FNDA:2,(anonymous_12)
FNDA:4,(anonymous_13)
FNDA:4,(anonymous_14)
DA:2,2
DA:3,2
DA:4,2
DA:5,2
DA:7,3
DA:8,3
DA:9,3
DA:10,2
DA:20,1
DA:22,1
DA:23,1
DA:24,1
DA:26,1
DA:33,1
DA:35,1
DA:36,1
DA:37,1
DA:38,1
DA:48,1
DA:50,1
DA:53,1
DA:54,1
DA:58,2
DA:59,2
DA:60,2
DA:61,4
DA:62,4
DA:68,1
DA:70,1
DA:71,1
LF:30
LH:30
BRDA:9,0,0,2
BRDA:9,0,1,1
BRDA:23,1,0,1
BRDA:23,2,0,1
BRDA:23,2,1,1
BRDA:33,3,0,1
BRF:6
BRH:6
end_of_record
TN:
SF:src/services/userService.ts
FN:6,(anonymous_8)
FN:6,(anonymous_9)
FN:16,(anonymous_10)
FN:16,(anonymous_11)
FN:28,(anonymous_12)
FN:28,(anonymous_13)
FN:41,(anonymous_14)
FN:41,(anonymous_15)
FNF:8
FNH:8
FNDA:2,(anonymous_8)
FNDA:2,(anonymous_9)
FNDA:2,(anonymous_10)
FNDA:2,(anonymous_11)
FNDA:2,(anonymous_12)
FNDA:2,(anonymous_13)
FNDA:2,(anonymous_14)
FNDA:2,(anonymous_15)
DA:2,2
DA:3,2
DA:4,2
DA:6,2
DA:7,2
DA:8,2
DA:9,1
DA:11,1
DA:12,1
DA:16,2
DA:17,2
DA:18,2
DA:21,1
DA:23,1
DA:24,1
DA:28,2
DA:29,2
DA:30,2
DA:34,1
DA:36,1
DA:37,1
DA:41,2
DA:42,2
DA:43,2
DA:44,1
DA:46,1
DA:47,1
LF:27
LH:27
BRF:0
BRH:0
end_of_record
